#
# There is insufficient memory for the Java Runtime Environment to continue.
# Native memory allocation (mmap) failed to map 134217728 bytes. Error detail: G1 virtual space
# Possible reasons:
#   The system is out of physical RAM or swap space
#   This process is running with CompressedOops enabled, and the Java Heap may be blocking the growth of the native heap
# Possible solutions:
#   Reduce memory load on the system
#   Increase physical memory or swap space
#   Check if swap backing store is full
#   Decrease Java heap size (-Xmx/-Xms)
#   Decrease number of Java threads
#   Decrease Java thread stack sizes (-Xss)
#   Set larger code cache with -XX:ReservedCodeCacheSize=
#   JVM is running with Unscaled Compressed Oops mode in which the Java heap is
#     placed in the first 4GB address space. The Java Heap base address is the
#     maximum limit for the native heap growth. Please use -XX:HeapBaseMinAddress
#     to set the Java Heap base and to place the Java Heap above 4GB virtual address.
# This output file may be truncated or incomplete.
#
#  Out of Memory Error (os_windows.cpp:3828), pid=9940, tid=18828
#
# JRE version:  (21.0.5+13) (build )
# Java VM: OpenJDK 64-Bit Server VM (21.0.5+13-b509.30, mixed mode, sharing, tiered, compressed oops, compressed class ptrs, g1 gc, windows-amd64)
# No core dump will be written. Minidumps are not enabled by default on client versions of Windows
#

---------------  S U M M A R Y ------------

Command Line: -Djava.rmi.server.hostname=127.0.0.1 -Duser.timezone=UTC -Xmx2048m -Xms128m -Djdbc.classpath=C:\Users\user\AppData\Local\Temp\RemoteDriver2.classpath.txt --add-exports=java.desktop/sun.awt=ALL-UNNAMED --add-exports=java.desktop/java.awt.peer=ALL-UNNAMED --add-opens=java.desktop/java.awt=ALL-UNNAMED --add-opens=jdk.unsupported/sun.misc=ALL-UNNAMED --add-opens=java.base/java.nio=ALL-UNNAMED --add-opens=java.base/java.util=ALL-UNNAMED -Dfile.encoding=UTF-8 -Dsun.stdout.encoding=UTF-8 -Dsun.stderr.encoding=UTF-8 com.intellij.database.remote.RemoteJdbcServer com.mysql.cj.jdbc.Driver

Host: 12th Gen Intel(R) Core(TM) i5-12450H, 12 cores, 15G,  Windows 11 , 64 bit Build 26100 (10.0.26100.3037)
Time: Wed Feb 19 18:13:40 2025  Windows 11 , 64 bit Build 26100 (10.0.26100.3037) elapsed time: 0.029775 seconds (0d 0h 0m 0s)

---------------  T H R E A D  ---------------

Current thread (0x0000024a233b5980):  JavaThread "Unknown thread" [_thread_in_vm, id=18828, stack(0x000000c8ba400000,0x000000c8ba500000) (1024K)]

Stack: [0x000000c8ba400000,0x000000c8ba500000]
Native frames: (J=compiled Java code, j=interpreted, Vv=VM code, C=native code)
V  [jvm.dll+0x6e4ef9]
V  [jvm.dll+0x8c3263]
V  [jvm.dll+0x8c57be]
V  [jvm.dll+0x8c5ea3]
V  [jvm.dll+0x288c26]
V  [jvm.dll+0x6e1675]
V  [jvm.dll+0x6d5a7a]
V  [jvm.dll+0x36319b]
V  [jvm.dll+0x36ad66]
V  [jvm.dll+0x3bd026]
V  [jvm.dll+0x3bd2f8]
V  [jvm.dll+0x33590c]
V  [jvm.dll+0x3365fb]
V  [jvm.dll+0x88a6b9]
V  [jvm.dll+0x3ca1f8]
V  [jvm.dll+0x8737c8]
V  [jvm.dll+0x45eb1e]
V  [jvm.dll+0x460801]
C  [jli.dll+0x52ab]
C  [ucrtbase.dll+0x37b0]
C  [KERNEL32.DLL+0x2e8d7]
C  [ntdll.dll+0xbbf2c]


---------------  P R O C E S S  ---------------

Threads class SMR info:
_java_thread_list=0x00007ffb51b5a148, length=0, elements={
}

Java Threads: ( => current thread )
Total: 0

Other Threads:
  0x0000024a24e746a0 WorkerThread "GC Thread#0"                     [id=6444, stack(0x000000c8ba500000,0x000000c8ba600000) (1024K)]
  0x0000024a24e86410 ConcurrentGCThread "G1 Main Marker"            [id=4696, stack(0x000000c8ba600000,0x000000c8ba700000) (1024K)]
  0x0000024a24e86e20 WorkerThread "G1 Conc#0"                       [id=20380, stack(0x000000c8ba700000,0x000000c8ba800000) (1024K)]

[error occurred during error reporting (printing all threads), id 0xc0000005, EXCEPTION_ACCESS_VIOLATION (0xc0000005) at pc=0x00007ffb512489c7]
VM state: not at safepoint (not fully initialized)

VM Mutex/Monitor currently owned by a thread:  ([mutex/lock_event])
[0x00007ffb51bceac0] Heap_lock - owner thread: 0x0000024a233b5980

Heap address: 0x0000000080000000, size: 2048 MB, Compressed Oops mode: 32-bit

CDS archive(s) mapped at: [0x0000000000000000-0x0000000000000000-0x0000000000000000), size 0, SharedBaseAddress: 0x0000000800000000, ArchiveRelocationMode: 1.
Narrow klass base: 0x0000000000000000, Narrow klass shift: 0, Narrow klass range: 0x0

GC Precious Log:
 CardTable entry size: 512
 Card Set container configuration: InlinePtr #cards 5 size 8 Array Of Cards #cards 12 size 40 Howl #buckets 4 coarsen threshold 1843 Howl Bitmap #cards 512 size 80 coarsen threshold 460 Card regions per heap region 1 cards per card region 2048

Heap:
 garbage-first heap   total 0K, used 0K [0x0000000080000000, 0x0000000100000000)
  region size 1024K, 0 young (0K), 0 survivors (0K)
 Metaspace       used 0K, committed 0K, reserved 0K
  class space    used 0K, committed 0K, reserved 0K

Heap Regions: E=young(eden), S=young(survivor), O=old, HS=humongous(starts), HC=humongous(continues), CS=collection set, F=free, TAMS=top-at-mark-start, PB=parsable bottom

Card table byte_map: [0x0000024a38df0000,0x0000024a391f0000] _byte_map_base: 0x0000024a389f0000

Marking Bits: (CMBitMap*) 0x0000024a24e74cb0
 Bits: [0x0000024a391f0000, 0x0000024a3b1f0000)

GC Heap History (0 events):
No events

Dll operation events (1 events):
Event: 0.010 Loaded shared library C:\Program Files\JetBrains\PhpStorm 2024.2.4\jbr\bin\java.dll

Deoptimization events (0 events):
No events

Classes loaded (0 events):
No events

Classes unloaded (0 events):
No events

Classes redefined (0 events):
No events

Internal exceptions (0 events):
No events

ZGC Phase Switch (0 events):
No events

VM Operations (0 events):
No events

Memory protections (0 events):
No events

Nmethod flushes (0 events):
No events

Events (0 events):
No events


Dynamic libraries:
0x00007ff6c7030000 - 0x00007ff6c703a000 	C:\Program Files\JetBrains\PhpStorm 2024.2.4\jbr\bin\java.exe
0x00007ffbb2720000 - 0x00007ffbb2983000 	C:\WINDOWS\SYSTEM32\ntdll.dll
0x00007ffbb1740000 - 0x00007ffbb1807000 	C:\WINDOWS\System32\KERNEL32.DLL
0x00007ffbafc10000 - 0x00007ffbaffd7000 	C:\WINDOWS\System32\KERNELBASE.dll
0x00007ffbb0070000 - 0x00007ffbb01bc000 	C:\WINDOWS\System32\ucrtbase.dll
0x00007ffb9df80000 - 0x00007ffb9df9b000 	C:\Program Files\JetBrains\PhpStorm 2024.2.4\jbr\bin\VCRUNTIME140.dll
0x00007ffba9e90000 - 0x00007ffba9ea8000 	C:\Program Files\JetBrains\PhpStorm 2024.2.4\jbr\bin\jli.dll
0x00007ffbb0ac0000 - 0x00007ffbb0c89000 	C:\WINDOWS\System32\USER32.dll
0x00007ffb7ef90000 - 0x00007ffb7f220000 	C:\WINDOWS\WinSxS\amd64_microsoft.windows.common-controls_6595b64144ccf1df_6.0.26100.3037_none_3e09262ce333c378\COMCTL32.dll
0x00007ffbb02f0000 - 0x00007ffbb0317000 	C:\WINDOWS\System32\win32u.dll
0x00007ffbb25e0000 - 0x00007ffbb2689000 	C:\WINDOWS\System32\msvcrt.dll
0x00007ffbb0cd0000 - 0x00007ffbb0cfa000 	C:\WINDOWS\System32\GDI32.dll
0x00007ffbb01c0000 - 0x00007ffbb02eb000 	C:\WINDOWS\System32\gdi32full.dll
0x00007ffbafac0000 - 0x00007ffbafb63000 	C:\WINDOWS\System32\msvcp_win.dll
0x00007ffbb0c90000 - 0x00007ffbb0cbf000 	C:\WINDOWS\System32\IMM32.DLL
0x00007ffba9dc0000 - 0x00007ffba9dcc000 	C:\Program Files\JetBrains\PhpStorm 2024.2.4\jbr\bin\vcruntime140_1.dll
0x00007ffb78f20000 - 0x00007ffb78fad000 	C:\Program Files\JetBrains\PhpStorm 2024.2.4\jbr\bin\msvcp140.dll
0x00007ffb50f00000 - 0x00007ffb51cc0000 	C:\Program Files\JetBrains\PhpStorm 2024.2.4\jbr\bin\server\jvm.dll
0x00007ffbb1910000 - 0x00007ffbb19c4000 	C:\WINDOWS\System32\ADVAPI32.dll
0x00007ffbb1550000 - 0x00007ffbb15f6000 	C:\WINDOWS\System32\sechost.dll
0x00007ffbb19d0000 - 0x00007ffbb1ae6000 	C:\WINDOWS\System32\RPCRT4.dll
0x00007ffbb16a0000 - 0x00007ffbb1714000 	C:\WINDOWS\System32\WS2_32.dll
0x00007ffbaf950000 - 0x00007ffbaf99e000 	C:\WINDOWS\SYSTEM32\POWRPROF.dll
0x00007ffba2d50000 - 0x00007ffba2d86000 	C:\WINDOWS\SYSTEM32\WINMM.dll
0x00007ffb92760000 - 0x00007ffb9276b000 	C:\WINDOWS\SYSTEM32\VERSION.dll
0x00007ffbaf930000 - 0x00007ffbaf944000 	C:\WINDOWS\SYSTEM32\UMPDC.dll
0x00007ffbae8b0000 - 0x00007ffbae8ca000 	C:\WINDOWS\SYSTEM32\kernel.appcore.dll
0x00007ffba2310000 - 0x00007ffba231a000 	C:\Program Files\JetBrains\PhpStorm 2024.2.4\jbr\bin\jimage.dll
0x00007ffbad370000 - 0x00007ffbad5b1000 	C:\WINDOWS\SYSTEM32\DBGHELP.DLL
0x00007ffbb20e0000 - 0x00007ffbb245e000 	C:\WINDOWS\System32\combase.dll
0x00007ffbb1470000 - 0x00007ffbb1546000 	C:\WINDOWS\System32\OLEAUT32.dll
0x00007ffb8e330000 - 0x00007ffb8e369000 	C:\WINDOWS\SYSTEM32\dbgcore.DLL
0x00007ffbafb70000 - 0x00007ffbafc09000 	C:\WINDOWS\System32\bcryptPrimitives.dll
0x00007ffb9df20000 - 0x00007ffb9df3f000 	C:\Program Files\JetBrains\PhpStorm 2024.2.4\jbr\bin\java.dll

dbghelp: loaded successfully - version: 4.0.5 - missing functions: none
symbol engine: initialized successfully - sym options: 0x614 - pdb path: .;C:\Program Files\JetBrains\PhpStorm 2024.2.4\jbr\bin;C:\WINDOWS\SYSTEM32;C:\WINDOWS\WinSxS\amd64_microsoft.windows.common-controls_6595b64144ccf1df_6.0.26100.3037_none_3e09262ce333c378;C:\Program Files\JetBrains\PhpStorm 2024.2.4\jbr\bin\server

VM Arguments:
jvm_args: -Djava.rmi.server.hostname=127.0.0.1 -Duser.timezone=UTC -Xmx2048m -Xms128m -Djdbc.classpath=C:\Users\user\AppData\Local\Temp\RemoteDriver2.classpath.txt --add-exports=java.desktop/sun.awt=ALL-UNNAMED --add-exports=java.desktop/java.awt.peer=ALL-UNNAMED --add-opens=java.desktop/java.awt=ALL-UNNAMED --add-opens=jdk.unsupported/sun.misc=ALL-UNNAMED --add-opens=java.base/java.nio=ALL-UNNAMED --add-opens=java.base/java.util=ALL-UNNAMED -Dfile.encoding=UTF-8 -Dsun.stdout.encoding=UTF-8 -Dsun.stderr.encoding=UTF-8 
java_command: com.intellij.database.remote.RemoteJdbcServer com.mysql.cj.jdbc.Driver
java_class_path (initial): C:\Program Files\JetBrains\PhpStorm 2024.2.4\lib\util_rt.jar;C:\Program Files\JetBrains\PhpStorm 2024.2.4\lib\util-8.jar;C:\Program Files\JetBrains\PhpStorm 2024.2.4\lib\groovy.jar;C:\Program Files\JetBrains\PhpStorm 2024.2.4\plugins\DatabaseTools\lib\jdbc-console.jar;C:\Program Files\JetBrains\PhpStorm 2024.2.4\plugins\grid-core-impl\lib\jdbc-console-types.jar;C:\Program Files\JetBrains\PhpStorm 2024.2.4\lib\util.jar;C:\Program Files\JetBrains\PhpStorm 2024.2.4\lib\bouncy-castle.jar
Launcher Type: SUN_STANDARD

[Global flags]
     intx CICompilerCount                          = 4                                         {product} {ergonomic}
     uint ConcGCThreads                            = 3                                         {product} {ergonomic}
     uint G1ConcRefinementThreads                  = 10                                        {product} {ergonomic}
   size_t G1HeapRegionSize                         = 1048576                                   {product} {ergonomic}
    uintx GCDrainStackTargetSize                   = 64                                        {product} {ergonomic}
   size_t InitialHeapSize                          = 134217728                                 {product} {command line}
   size_t MarkStackSize                            = 4194304                                   {product} {ergonomic}
   size_t MaxHeapSize                              = 2147483648                                {product} {command line}
   size_t MinHeapDeltaBytes                        = 1048576                                   {product} {ergonomic}
   size_t MinHeapSize                              = 134217728                                 {product} {command line}
    uintx NonNMethodCodeHeapSize                   = 5839372                                {pd product} {ergonomic}
    uintx NonProfiledCodeHeapSize                  = 122909434                              {pd product} {ergonomic}
    uintx ProfiledCodeHeapSize                     = 122909434                              {pd product} {ergonomic}
    uintx ReservedCodeCacheSize                    = 251658240                              {pd product} {ergonomic}
     bool SegmentedCodeCache                       = true                                      {product} {ergonomic}
   size_t SoftMaxHeapSize                          = 2147483648                             {manageable} {ergonomic}
     bool UseCompressedOops                        = true                           {product lp64_product} {ergonomic}
     bool UseG1GC                                  = true                                      {product} {ergonomic}
     bool UseLargePagesIndividualAllocation        = false                                  {pd product} {ergonomic}

Logging:
Log output configuration:
 #0: stdout all=warning uptime,level,tags foldmultilines=false
 #1: stderr all=off uptime,level,tags foldmultilines=false

Environment Variables:
PATH=C:\php;C:\Program Files (x86)\Common Files\Oracle\Java\javapath;C:\Users\user\gcc\bin;C:\Users\user\gcc\libexec\gcc\x86_64-w64-mingw32\11.2.0;C:\WINDOWS\system32;C:\WINDOWS;C:\WINDOWS\System32\Wbem;C:\WINDOWS\System32\WindowsPowerShell\v1.0\;C:\WINDOWS\System32\OpenSSH\;D:\Git\cmd;D:\Programm file\php;C:\ProgramData\ComposerSetup\bin;C:\Redis-x64-3.0.504;C:\Program Files\nodejs\;C:\Program Files\Docker\Docker\resources\bin;C:\Program Files\MySQL\MySQL Shell 9.2\bin\;C:\Users\user\AppData\Local\Programs\Python\Launcher\;C:\Users\user\AppData\Local\Microsoft\WindowsApps;D:\Microsoft VS Code\bin;C:\Users\user\AppData\Roaming\Composer\vendor\bin;C:\Users\user\AppData\Roaming\npm
USERNAME=Axror
OS=Windows_NT
PROCESSOR_IDENTIFIER=Intel64 Family 6 Model 154 Stepping 3, GenuineIntel
TMP=C:\Users\user\AppData\Local\Temp
TEMP=C:\Users\user\AppData\Local\Temp




Periodic native trim disabled

JNI global refs:
JNI global refs: 0, weak refs: 0

JNI global refs memory usage: 0, weak refs: 0

Process memory usage:
Resident Set Size: 12852K (0% of 16462712K total physical memory with 4117736K free physical memory)

OOME stack traces (most recent first):
Classloader memory used:

---------------  S Y S T E M  ---------------

OS:
 Windows 11 , 64 bit Build 26100 (10.0.26100.3037)
OS uptime: 1 days 21:43 hours
Hyper-V role detected

CPU: total 12 (initial active 12) (6 cores per cpu, 2 threads per core) family 6 model 154 stepping 3 microcode 0x429, cx8, cmov, fxsr, ht, mmx, 3dnowpref, sse, sse2, sse3, ssse3, sse4.1, sse4.2, popcnt, lzcnt, tsc, tscinvbit, avx, avx2, aes, erms, clmul, bmi1, bmi2, adx, sha, fma, vzeroupper, clflush, clflushopt, clwb, hv, serialize, rdtscp, rdpid, fsrm, f16c, cet_ibt, cet_ss
Processor Information for processor 0
  Max Mhz: 2000, Current Mhz: 2000, Mhz Limit: 2000
Processor Information for processor 1
  Max Mhz: 2000, Current Mhz: 2000, Mhz Limit: 2000
Processor Information for processor 2
  Max Mhz: 2000, Current Mhz: 2000, Mhz Limit: 2000
Processor Information for processor 3
  Max Mhz: 2000, Current Mhz: 2000, Mhz Limit: 2000
Processor Information for processor 4
  Max Mhz: 2000, Current Mhz: 2000, Mhz Limit: 2000
Processor Information for processor 5
  Max Mhz: 2000, Current Mhz: 2000, Mhz Limit: 2000
Processor Information for processor 6
  Max Mhz: 2000, Current Mhz: 2000, Mhz Limit: 2000
Processor Information for processor 7
  Max Mhz: 2000, Current Mhz: 2000, Mhz Limit: 2000
Processor Information for processor 8
  Max Mhz: 2000, Current Mhz: 1500, Mhz Limit: 1500
Processor Information for processor 9
  Max Mhz: 2000, Current Mhz: 1500, Mhz Limit: 1500
Processor Information for processor 10
  Max Mhz: 2000, Current Mhz: 1500, Mhz Limit: 1500
Processor Information for processor 11
  Max Mhz: 2000, Current Mhz: 1500, Mhz Limit: 1500

Memory: 4k page, system-wide physical 16076M (4021M free)
TotalPageFile size 19534M (AvailPageFile size 110M)
current process WorkingSet (physical memory assigned to process): 12M, peak: 12M
current process commit charge ("private bytes"): 64M, peak: 192M

vm_info: OpenJDK 64-Bit Server VM (21.0.5+13-b509.30) for windows-amd64 JRE (21.0.5+13-b509.30), built on 2024-11-23 by "builduser" with MS VC++ 16.10 / 16.11 (VS2019)

END.
